<?xml version="1.0" encoding="UTF-8"?>
<testsuite xmlns:xsi="http://www.w3.org/2001/XMLSchema-instance" xsi:noNamespaceSchemaLocation="https://maven.apache.org/surefire/maven-surefire-plugin/xsd/surefire-test-report.xsd" name="com.tcs.service.component.ServiceTest" time="14.843" tests="2" errors="0" skipped="0" failures="0">
  <properties>
    <property name="sun.desktop" value="windows"/>
    <property name="awt.toolkit" value="sun.awt.windows.WToolkit"/>
    <property name="file.encoding.pkg" value="sun.io"/>
    <property name="java.specification.version" value="1.8"/>
    <property name="sun.cpu.isalist" value="amd64"/>
    <property name="sun.jnu.encoding" value="Cp1252"/>
    <property name="java.class.path" value="C:\Users\RaghavG2213\Downloads\Final\DeliveryMomentRequestHandler\target\test-classes;C:\Users\RaghavG2213\Downloads\Final\DeliveryMomentRequestHandler\target\classes;C:\Users\RaghavG2213\.m2\repository\org\springframework\boot\spring-boot-starter\2.3.4.RELEASE\spring-boot-starter-2.3.4.RELEASE.jar;C:\Users\RaghavG2213\.m2\repository\org\springframework\boot\spring-boot\2.3.4.RELEASE\spring-boot-2.3.4.RELEASE.jar;C:\Users\RaghavG2213\.m2\repository\org\springframework\spring-context\5.2.9.RELEASE\spring-context-5.2.9.RELEASE.jar;C:\Users\RaghavG2213\.m2\repository\org\springframework\boot\spring-boot-autoconfigure\2.3.4.RELEASE\spring-boot-autoconfigure-2.3.4.RELEASE.jar;C:\Users\RaghavG2213\.m2\repository\jakarta\annotation\jakarta.annotation-api\1.3.5\jakarta.annotation-api-1.3.5.jar;C:\Users\RaghavG2213\.m2\repository\org\springframework\spring-core\5.2.9.RELEASE\spring-core-5.2.9.RELEASE.jar;C:\Users\RaghavG2213\.m2\repository\org\springframework\spring-jcl\5.2.9.RELEASE\spring-jcl-5.2.9.RELEASE.jar;C:\Users\RaghavG2213\.m2\repository\org\yaml\snakeyaml\1.26\snakeyaml-1.26.jar;C:\Users\RaghavG2213\.m2\repository\org\springframework\boot\spring-boot-starter-web\2.3.4.RELEASE\spring-boot-starter-web-2.3.4.RELEASE.jar;C:\Users\RaghavG2213\.m2\repository\org\springframework\boot\spring-boot-starter-json\2.3.4.RELEASE\spring-boot-starter-json-2.3.4.RELEASE.jar;C:\Users\RaghavG2213\.m2\repository\com\fasterxml\jackson\datatype\jackson-datatype-jdk8\2.11.2\jackson-datatype-jdk8-2.11.2.jar;C:\Users\RaghavG2213\.m2\repository\com\fasterxml\jackson\datatype\jackson-datatype-jsr310\2.11.2\jackson-datatype-jsr310-2.11.2.jar;C:\Users\RaghavG2213\.m2\repository\com\fasterxml\jackson\module\jackson-module-parameter-names\2.11.2\jackson-module-parameter-names-2.11.2.jar;C:\Users\RaghavG2213\.m2\repository\org\springframework\boot\spring-boot-starter-tomcat\2.3.4.RELEASE\spring-boot-starter-tomcat-2.3.4.RELEASE.jar;C:\Users\RaghavG2213\.m2\repository\org\apache\tomcat\embed\tomcat-embed-core\9.0.38\tomcat-embed-core-9.0.38.jar;C:\Users\RaghavG2213\.m2\repository\org\glassfish\jakarta.el\3.0.3\jakarta.el-3.0.3.jar;C:\Users\RaghavG2213\.m2\repository\org\apache\tomcat\embed\tomcat-embed-websocket\9.0.38\tomcat-embed-websocket-9.0.38.jar;C:\Users\RaghavG2213\.m2\repository\org\springframework\spring-web\5.2.9.RELEASE\spring-web-5.2.9.RELEASE.jar;C:\Users\RaghavG2213\.m2\repository\org\springframework\spring-beans\5.2.9.RELEASE\spring-beans-5.2.9.RELEASE.jar;C:\Users\RaghavG2213\.m2\repository\org\springframework\spring-webmvc\5.2.9.RELEASE\spring-webmvc-5.2.9.RELEASE.jar;C:\Users\RaghavG2213\.m2\repository\org\springframework\spring-aop\5.2.9.RELEASE\spring-aop-5.2.9.RELEASE.jar;C:\Users\RaghavG2213\.m2\repository\org\springframework\spring-expression\5.2.9.RELEASE\spring-expression-5.2.9.RELEASE.jar;C:\Users\RaghavG2213\.m2\repository\org\json\json\20201115\json-20201115.jar;C:\Users\RaghavG2213\.m2\repository\org\springframework\boot\spring-boot-starter-data-mongodb\2.3.4.RELEASE\spring-boot-starter-data-mongodb-2.3.4.RELEASE.jar;C:\Users\RaghavG2213\.m2\repository\org\mongodb\mongodb-driver-sync\4.0.5\mongodb-driver-sync-4.0.5.jar;C:\Users\RaghavG2213\.m2\repository\org\mongodb\bson\4.0.5\bson-4.0.5.jar;C:\Users\RaghavG2213\.m2\repository\org\mongodb\mongodb-driver-core\4.0.5\mongodb-driver-core-4.0.5.jar;C:\Users\RaghavG2213\.m2\repository\org\springframework\data\spring-data-mongodb\3.0.4.RELEASE\spring-data-mongodb-3.0.4.RELEASE.jar;C:\Users\RaghavG2213\.m2\repository\org\springframework\spring-tx\5.2.9.RELEASE\spring-tx-5.2.9.RELEASE.jar;C:\Users\RaghavG2213\.m2\repository\org\springframework\data\spring-data-commons\2.3.4.RELEASE\spring-data-commons-2.3.4.RELEASE.jar;C:\Users\RaghavG2213\.m2\repository\org\springframework\boot\spring-boot-starter-actuator\2.3.4.RELEASE\spring-boot-starter-actuator-2.3.4.RELEASE.jar;C:\Users\RaghavG2213\.m2\repository\org\springframework\boot\spring-boot-actuator-autoconfigure\2.3.4.RELEASE\spring-boot-actuator-autoconfigure-2.3.4.RELEASE.jar;C:\Users\RaghavG2213\.m2\repository\org\springframework\boot\spring-boot-actuator\2.3.4.RELEASE\spring-boot-actuator-2.3.4.RELEASE.jar;C:\Users\RaghavG2213\.m2\repository\io\micrometer\micrometer-core\1.5.5\micrometer-core-1.5.5.jar;C:\Users\RaghavG2213\.m2\repository\org\hdrhistogram\HdrHistogram\2.1.12\HdrHistogram-2.1.12.jar;C:\Users\RaghavG2213\.m2\repository\org\latencyutils\LatencyUtils\2.0.3\LatencyUtils-2.0.3.jar;C:\Users\RaghavG2213\.m2\repository\com\microsoft\azure\applicationinsights-spring-boot-starter\2.6.2\applicationinsights-spring-boot-starter-2.6.2.jar;C:\Users\RaghavG2213\.m2\repository\com\microsoft\azure\applicationinsights-web\2.6.2\applicationinsights-web-2.6.2.jar;C:\Users\RaghavG2213\.m2\repository\com\microsoft\azure\applicationinsights-logging-log4j2\2.6.2\applicationinsights-logging-log4j2-2.6.2.jar;C:\Users\RaghavG2213\.m2\repository\com\microsoft\azure\applicationinsights-core\2.6.2\applicationinsights-core-2.6.2.jar;C:\Users\RaghavG2213\.m2\repository\io\micrometer\micrometer-registry-prometheus\1.5.5\micrometer-registry-prometheus-1.5.5.jar;C:\Users\RaghavG2213\.m2\repository\io\prometheus\simpleclient_common\0.8.1\simpleclient_common-0.8.1.jar;C:\Users\RaghavG2213\.m2\repository\io\prometheus\simpleclient\0.8.1\simpleclient-0.8.1.jar;C:\Users\RaghavG2213\.m2\repository\org\jetbrains\kotlin\kotlin-reflect\1.3.72\kotlin-reflect-1.3.72.jar;C:\Users\RaghavG2213\.m2\repository\org\jetbrains\kotlin\kotlin-stdlib\1.3.72\kotlin-stdlib-1.3.72.jar;C:\Users\RaghavG2213\.m2\repository\org\jetbrains\kotlin\kotlin-stdlib-common\1.3.72\kotlin-stdlib-common-1.3.72.jar;C:\Users\RaghavG2213\.m2\repository\org\jetbrains\annotations\13.0\annotations-13.0.jar;C:\Users\RaghavG2213\.m2\repository\org\jetbrains\kotlin\kotlin-stdlib-jdk8\1.3.72\kotlin-stdlib-jdk8-1.3.72.jar;C:\Users\RaghavG2213\.m2\repository\org\jetbrains\kotlin\kotlin-stdlib-jdk7\1.3.72\kotlin-stdlib-jdk7-1.3.72.jar;C:\Users\RaghavG2213\.m2\repository\com\fasterxml\jackson\module\jackson-module-kotlin\2.11.2\jackson-module-kotlin-2.11.2.jar;C:\Users\RaghavG2213\.m2\repository\com\fasterxml\jackson\core\jackson-annotations\2.11.2\jackson-annotations-2.11.2.jar;C:\Users\RaghavG2213\.m2\repository\com\fasterxml\jackson\dataformat\jackson-dataformat-yaml\2.11.2\jackson-dataformat-yaml-2.11.2.jar;C:\Users\RaghavG2213\.m2\repository\com\fasterxml\jackson\core\jackson-core\2.11.2\jackson-core-2.11.2.jar;C:\Users\RaghavG2213\.m2\repository\com\fasterxml\jackson\core\jackson-databind\2.11.2\jackson-databind-2.11.2.jar;C:\Users\RaghavG2213\.m2\repository\org\projectlombok\lombok\1.18.12\lombok-1.18.12.jar;C:\Users\RaghavG2213\.m2\repository\org\springdoc\springdoc-openapi-ui\1.4.6\springdoc-openapi-ui-1.4.6.jar;C:\Users\RaghavG2213\.m2\repository\org\springdoc\springdoc-openapi-webmvc-core\1.4.6\springdoc-openapi-webmvc-core-1.4.6.jar;C:\Users\RaghavG2213\.m2\repository\org\webjars\swagger-ui\3.32.5\swagger-ui-3.32.5.jar;C:\Users\RaghavG2213\.m2\repository\org\webjars\webjars-locator-core\0.45\webjars-locator-core-0.45.jar;C:\Users\RaghavG2213\.m2\repository\org\springdoc\springdoc-openapi-kotlin\1.4.6\springdoc-openapi-kotlin-1.4.6.jar;C:\Users\RaghavG2213\.m2\repository\org\springdoc\springdoc-openapi-common\1.4.6\springdoc-openapi-common-1.4.6.jar;C:\Users\RaghavG2213\.m2\repository\io\swagger\core\v3\swagger-models\2.1.4\swagger-models-2.1.4.jar;C:\Users\RaghavG2213\.m2\repository\io\swagger\core\v3\swagger-annotations\2.1.4\swagger-annotations-2.1.4.jar;C:\Users\RaghavG2213\.m2\repository\io\swagger\core\v3\swagger-integration\2.1.4\swagger-integration-2.1.4.jar;C:\Users\RaghavG2213\.m2\repository\io\swagger\core\v3\swagger-core\2.1.4\swagger-core-2.1.4.jar;C:\Users\RaghavG2213\.m2\repository\jakarta\validation\jakarta.validation-api\2.0.2\jakarta.validation-api-2.0.2.jar;C:\Users\RaghavG2213\.m2\repository\io\github\classgraph\classgraph\4.8.69\classgraph-4.8.69.jar;C:\Users\RaghavG2213\.m2\repository\org\apache\commons\commons-lang3\3.10\commons-lang3-3.10.jar;C:\Users\RaghavG2213\.m2\repository\org\springframework\boot\spring-boot-starter-test\2.3.4.RELEASE\spring-boot-starter-test-2.3.4.RELEASE.jar;C:\Users\RaghavG2213\.m2\repository\org\springframework\boot\spring-boot-test\2.3.4.RELEASE\spring-boot-test-2.3.4.RELEASE.jar;C:\Users\RaghavG2213\.m2\repository\org\springframework\boot\spring-boot-test-autoconfigure\2.3.4.RELEASE\spring-boot-test-autoconfigure-2.3.4.RELEASE.jar;C:\Users\RaghavG2213\.m2\repository\jakarta\xml\bind\jakarta.xml.bind-api\2.3.3\jakarta.xml.bind-api-2.3.3.jar;C:\Users\RaghavG2213\.m2\repository\jakarta\activation\jakarta.activation-api\1.2.2\jakarta.activation-api-1.2.2.jar;C:\Users\RaghavG2213\.m2\repository\org\assertj\assertj-core\3.16.1\assertj-core-3.16.1.jar;C:\Users\RaghavG2213\.m2\repository\org\hamcrest\hamcrest\2.2\hamcrest-2.2.jar;C:\Users\RaghavG2213\.m2\repository\org\junit\jupiter\junit-jupiter\5.6.2\junit-jupiter-5.6.2.jar;C:\Users\RaghavG2213\.m2\repository\org\junit\jupiter\junit-jupiter-api\5.6.2\junit-jupiter-api-5.6.2.jar;C:\Users\RaghavG2213\.m2\repository\org\apiguardian\apiguardian-api\1.1.0\apiguardian-api-1.1.0.jar;C:\Users\RaghavG2213\.m2\repository\org\opentest4j\opentest4j\1.2.0\opentest4j-1.2.0.jar;C:\Users\RaghavG2213\.m2\repository\org\junit\platform\junit-platform-commons\1.6.2\junit-platform-commons-1.6.2.jar;C:\Users\RaghavG2213\.m2\repository\org\junit\jupiter\junit-jupiter-params\5.6.2\junit-jupiter-params-5.6.2.jar;C:\Users\RaghavG2213\.m2\repository\org\junit\jupiter\junit-jupiter-engine\5.6.2\junit-jupiter-engine-5.6.2.jar;C:\Users\RaghavG2213\.m2\repository\org\junit\platform\junit-platform-engine\1.6.2\junit-platform-engine-1.6.2.jar;C:\Users\RaghavG2213\.m2\repository\org\mockito\mockito-core\3.3.3\mockito-core-3.3.3.jar;C:\Users\RaghavG2213\.m2\repository\net\bytebuddy\byte-buddy\1.10.14\byte-buddy-1.10.14.jar;C:\Users\RaghavG2213\.m2\repository\net\bytebuddy\byte-buddy-agent\1.10.14\byte-buddy-agent-1.10.14.jar;C:\Users\RaghavG2213\.m2\repository\org\objenesis\objenesis\2.6\objenesis-2.6.jar;C:\Users\RaghavG2213\.m2\repository\org\mockito\mockito-junit-jupiter\3.3.3\mockito-junit-jupiter-3.3.3.jar;C:\Users\RaghavG2213\.m2\repository\org\skyscreamer\jsonassert\1.5.0\jsonassert-1.5.0.jar;C:\Users\RaghavG2213\.m2\repository\com\vaadin\external\google\android-json\0.0.20131108.vaadin1\android-json-0.0.20131108.vaadin1.jar;C:\Users\RaghavG2213\.m2\repository\org\springframework\spring-test\5.2.9.RELEASE\spring-test-5.2.9.RELEASE.jar;C:\Users\RaghavG2213\.m2\repository\org\xmlunit\xmlunit-core\2.7.0\xmlunit-core-2.7.0.jar;C:\Users\RaghavG2213\.m2\repository\io\gatling\highcharts\gatling-charts-highcharts\3.3.1\gatling-charts-highcharts-3.3.1.jar;C:\Users\RaghavG2213\.m2\repository\org\scala-lang\scala-library\2.12.10\scala-library-2.12.10.jar;C:\Users\RaghavG2213\.m2\repository\io\gatling\gatling-charts\3.3.1\gatling-charts-3.3.1.jar;C:\Users\RaghavG2213\.m2\repository\io\gatling\gatling-core\3.3.1\gatling-core-3.3.1.jar;C:\Users\RaghavG2213\.m2\repository\com\typesafe\akka\akka-slf4j_2.12\2.5.26\akka-slf4j_2.12-2.5.26.jar;C:\Users\RaghavG2213\.m2\repository\org\simpleflatmapper\lightning-csv\8.0.3\lightning-csv-8.0.3.jar;C:\Users\RaghavG2213\.m2\repository\org\simpleflatmapper\sfm-util\8.0.3\sfm-util-8.0.3.jar;C:\Users\RaghavG2213\.m2\repository\com\github\ben-manes\caffeine\caffeine\2.8.5\caffeine-2.8.5.jar;C:\Users\RaghavG2213\.m2\repository\org\checkerframework\checker-qual\3.4.1\checker-qual-3.4.1.jar;C:\Users\RaghavG2213\.m2\repository\com\google\errorprone\error_prone_annotations\2.4.0\error_prone_annotations-2.4.0.jar;C:\Users\RaghavG2213\.m2\repository\io\pebbletemplates\pebble\3.1.0\pebble-3.1.0.jar;C:\Users\RaghavG2213\.m2\repository\org\unbescape\unbescape\1.1.6.RELEASE\unbescape-1.1.6.RELEASE.jar;C:\Users\RaghavG2213\.m2\repository\org\scala-lang\modules\scala-parser-combinators_2.12\1.1.2\scala-parser-combinators_2.12-1.1.2.jar;C:\Users\RaghavG2213\.m2\repository\com\github\scopt\scopt_2.12\3.7.1\scopt_2.12-3.7.1.jar;C:\Users\RaghavG2213\.m2\repository\io\gatling\jsonpath_2.12\0.7.0\jsonpath_2.12-0.7.0.jar;C:\Users\RaghavG2213\.m2\repository\net\sf\saxon\Saxon-HE\9.9.1-5\Saxon-HE-9.9.1-5.jar;C:\Users\RaghavG2213\.m2\repository\org\jodd\jodd-lagarto\5.0.13\jodd-lagarto-5.0.13.jar;C:\Users\RaghavG2213\.m2\repository\org\jodd\jodd-core\5.0.13\jodd-core-5.0.13.jar;C:\Users\RaghavG2213\.m2\repository\org\jodd\jodd-log\5.0.13\jodd-log-5.0.13.jar;C:\Users\RaghavG2213\.m2\repository\io\burt\jmespath-jackson\0.4.0\jmespath-jackson-0.4.0.jar;C:\Users\RaghavG2213\.m2\repository\io\burt\jmespath-core\0.4.0\jmespath-core-0.4.0.jar;C:\Users\RaghavG2213\.m2\repository\com\tdunning\t-digest\3.1\t-digest-3.1.jar;C:\Users\RaghavG2213\.m2\repository\io\gatling\gatling-app\3.3.1\gatling-app-3.3.1.jar;C:\Users\RaghavG2213\.m2\repository\io\gatling\gatling-http\3.3.1\gatling-http-3.3.1.jar;C:\Users\RaghavG2213\.m2\repository\org\scala-lang\modules\scala-xml_2.12\1.2.0\scala-xml_2.12-1.2.0.jar;C:\Users\RaghavG2213\.m2\repository\io\gatling\gatling-jms\3.3.1\gatling-jms-3.3.1.jar;C:\Users\RaghavG2213\.m2\repository\javax\jms\javax.jms-api\2.0.1\javax.jms-api-2.0.1.jar;C:\Users\RaghavG2213\.m2\repository\io\gatling\gatling-jdbc\3.3.1\gatling-jdbc-3.3.1.jar;C:\Users\RaghavG2213\.m2\repository\io\gatling\gatling-redis\3.3.1\gatling-redis-3.3.1.jar;C:\Users\RaghavG2213\.m2\repository\net\debasishg\redisclient_2.12\3.10\redisclient_2.12-3.10.jar;C:\Users\RaghavG2213\.m2\repository\org\apache\commons\commons-pool2\2.8.1\commons-pool2-2.8.1.jar;C:\Users\RaghavG2213\.m2\repository\io\gatling\gatling-graphite\3.3.1\gatling-graphite-3.3.1.jar;C:\Users\RaghavG2213\.m2\repository\io\gatling\gatling-recorder\3.3.1\gatling-recorder-3.3.1.jar;C:\Users\RaghavG2213\.m2\repository\org\scala-lang\modules\scala-swing_2.12\2.1.1\scala-swing_2.12-2.1.1.jar;C:\Users\RaghavG2213\.m2\repository\org\json4s\json4s-jackson_2.12\3.6.7\json4s-jackson_2.12-3.6.7.jar;C:\Users\RaghavG2213\.m2\repository\org\json4s\json4s-core_2.12\3.6.7\json4s-core_2.12-3.6.7.jar;C:\Users\RaghavG2213\.m2\repository\org\json4s\json4s-ast_2.12\3.6.7\json4s-ast_2.12-3.6.7.jar;C:\Users\RaghavG2213\.m2\repository\org\json4s\json4s-scalap_2.12\3.6.7\json4s-scalap_2.12-3.6.7.jar;C:\Users\RaghavG2213\.m2\repository\com\thoughtworks\paranamer\paranamer\2.8\paranamer-2.8.jar;C:\Users\RaghavG2213\.m2\repository\org\bouncycastle\bcpkix-jdk15on\1.64\bcpkix-jdk15on-1.64.jar;C:\Users\RaghavG2213\.m2\repository\org\bouncycastle\bcprov-jdk15on\1.64\bcprov-jdk15on-1.64.jar;C:\Users\RaghavG2213\.m2\repository\io\netty\netty-codec-http\4.1.52.Final\netty-codec-http-4.1.52.Final.jar;C:\Users\RaghavG2213\.m2\repository\io\netty\netty-common\4.1.52.Final\netty-common-4.1.52.Final.jar;C:\Users\RaghavG2213\.m2\repository\io\netty\netty-transport\4.1.52.Final\netty-transport-4.1.52.Final.jar;C:\Users\RaghavG2213\.m2\repository\io\netty\netty-codec\4.1.52.Final\netty-codec-4.1.52.Final.jar;C:\Users\RaghavG2213\.m2\repository\com\typesafe\akka\akka-actor_2.12\2.5.26\akka-actor_2.12-2.5.26.jar;C:\Users\RaghavG2213\.m2\repository\io\gatling\gatling-http-client\3.3.1\gatling-http-client-3.3.1.jar;C:\Users\RaghavG2213\.m2\repository\io\gatling\gatling-netty-util\3.3.1\gatling-netty-util-3.3.1.jar;C:\Users\RaghavG2213\.m2\repository\io\netty\netty-buffer\4.1.52.Final\netty-buffer-4.1.52.Final.jar;C:\Users\RaghavG2213\.m2\repository\io\netty\netty-handler\4.1.52.Final\netty-handler-4.1.52.Final.jar;C:\Users\RaghavG2213\.m2\repository\io\netty\netty-resolver\4.1.52.Final\netty-resolver-4.1.52.Final.jar;C:\Users\RaghavG2213\.m2\repository\io\netty\netty-handler-proxy\4.1.52.Final\netty-handler-proxy-4.1.52.Final.jar;C:\Users\RaghavG2213\.m2\repository\io\netty\netty-codec-socks\4.1.52.Final\netty-codec-socks-4.1.52.Final.jar;C:\Users\RaghavG2213\.m2\repository\io\netty\netty-resolver-dns\4.1.52.Final\netty-resolver-dns-4.1.52.Final.jar;C:\Users\RaghavG2213\.m2\repository\io\netty\netty-codec-dns\4.1.52.Final\netty-codec-dns-4.1.52.Final.jar;C:\Users\RaghavG2213\.m2\repository\io\netty\netty-transport-native-epoll\4.1.52.Final\netty-transport-native-epoll-4.1.52.Final-linux-x86_64.jar;C:\Users\RaghavG2213\.m2\repository\io\netty\netty-transport-native-unix-common\4.1.52.Final\netty-transport-native-unix-common-4.1.52.Final.jar;C:\Users\RaghavG2213\.m2\repository\io\netty\netty-codec-http2\4.1.52.Final\netty-codec-http2-4.1.52.Final.jar;C:\Users\RaghavG2213\.m2\repository\io\netty\netty-tcnative-boringssl-static\2.0.34.Final\netty-tcnative-boringssl-static-2.0.34.Final.jar;C:\Users\RaghavG2213\.m2\repository\com\sun\activation\javax.activation\1.2.0\javax.activation-1.2.0.jar;C:\Users\RaghavG2213\.m2\repository\com\typesafe\scala-logging\scala-logging_2.12\3.9.2\scala-logging_2.12-3.9.2.jar;C:\Users\RaghavG2213\.m2\repository\ch\qos\logback\logback-classic\1.2.3\logback-classic-1.2.3.jar;C:\Users\RaghavG2213\.m2\repository\ch\qos\logback\logback-core\1.2.3\logback-core-1.2.3.jar;C:\Users\RaghavG2213\.m2\repository\io\gatling\gatling-commons\3.3.1\gatling-commons-3.3.1.jar;C:\Users\RaghavG2213\.m2\repository\org\scala-lang\scala-reflect\2.12.10\scala-reflect-2.12.10.jar;C:\Users\RaghavG2213\.m2\repository\com\typesafe\config\1.4.0\config-1.4.0.jar;C:\Users\RaghavG2213\.m2\repository\io\suzaku\boopickle_2.12\1.3.1\boopickle_2.12-1.3.1.jar;C:\Users\RaghavG2213\.m2\repository\org\typelevel\spire-macros_2.12\0.16.2\spire-macros_2.12-0.16.2.jar;C:\Users\RaghavG2213\.m2\repository\com\softwaremill\quicklens\quicklens_2.12\1.4.12\quicklens_2.12-1.4.12.jar;C:\Users\RaghavG2213\.m2\repository\org\scala-lang\modules\scala-java8-compat_2.12\0.9.0\scala-java8-compat_2.12-0.9.0.jar;C:\Users\RaghavG2213\.m2\repository\com\eatthepath\fast-uuid\0.1\fast-uuid-0.1.jar;C:\Users\RaghavG2213\.m2\repository\com\nhaarman\mockito-kotlin\1.6.0\mockito-kotlin-1.6.0.jar;C:\Users\RaghavG2213\.m2\repository\org\apache\logging\log4j\log4j-api-kotlin\1.0.0\log4j-api-kotlin-1.0.0.jar;C:\Users\RaghavG2213\.m2\repository\org\apache\logging\log4j\log4j-api\2.13.3\log4j-api-2.13.3.jar;C:\Users\RaghavG2213\.m2\repository\org\apache\logging\log4j\log4j-core\2.13.3\log4j-core-2.13.3.jar;C:\Users\RaghavG2213\.m2\repository\org\springframework\cloud\spring-cloud-starter-contract-verifier\2.2.4.RELEASE\spring-cloud-starter-contract-verifier-2.2.4.RELEASE.jar;C:\Users\RaghavG2213\.m2\repository\org\springframework\cloud\spring-cloud-contract-verifier\2.2.4.RELEASE\spring-cloud-contract-verifier-2.2.4.RELEASE.jar;C:\Users\RaghavG2213\.m2\repository\org\springframework\cloud\spring-cloud-contract-spec\2.2.4.RELEASE\spring-cloud-contract-spec-2.2.4.RELEASE.jar;C:\Users\RaghavG2213\.m2\repository\org\springframework\cloud\spring-cloud-contract-spec-java\2.2.4.RELEASE\spring-cloud-contract-spec-java-2.2.4.RELEASE.jar;C:\Users\RaghavG2213\.m2\repository\dk\brics\automaton\automaton\1.11-8\automaton-1.11-8.jar;C:\Users\RaghavG2213\.m2\repository\org\apache\commons\commons-text\1.7\commons-text-1.7.jar;C:\Users\RaghavG2213\.m2\repository\org\springframework\cloud\spring-cloud-contract-spec-groovy\2.2.4.RELEASE\spring-cloud-contract-spec-groovy-2.2.4.RELEASE.jar;C:\Users\RaghavG2213\.m2\repository\org\springframework\cloud\spring-cloud-contract-shade\2.2.4.RELEASE\spring-cloud-contract-shade-2.2.4.RELEASE.jar;C:\Users\RaghavG2213\.m2\repository\javax\inject\javax.inject\1\javax.inject-1.jar;C:\Users\RaghavG2213\.m2\repository\com\github\tomakehurst\wiremock-jre8-standalone\2.26.2\wiremock-jre8-standalone-2.26.2.jar;C:\Users\RaghavG2213\.m2\repository\org\apache\maven\resolver\maven-resolver-api\1.3.3\maven-resolver-api-1.3.3.jar;C:\Users\RaghavG2213\.m2\repository\com\rackspace\eclipse\webtools\sourceediting\org.eclipse.wst.xml.xpath2.processor\2.1.100\org.eclipse.wst.xml.xpath2.processor-2.1.100.jar;C:\Users\RaghavG2213\.m2\repository\edu\princeton\cup\java-cup\10k\java-cup-10k.jar;C:\Users\RaghavG2213\.m2\repository\com\ibm\icu\icu4j\4.6\icu4j-4.6.jar;C:\Users\RaghavG2213\.m2\repository\org\codehaus\groovy\groovy\2.5.13\groovy-2.5.13.jar;C:\Users\RaghavG2213\.m2\repository\org\codehaus\groovy\groovy-nio\2.5.13\groovy-nio-2.5.13.jar;C:\Users\RaghavG2213\.m2\repository\org\codehaus\groovy\groovy-json\2.5.13\groovy-json-2.5.13.jar;C:\Users\RaghavG2213\.m2\repository\org\codehaus\groovy\groovy-xml\2.5.13\groovy-xml-2.5.13.jar;C:\Users\RaghavG2213\.m2\repository\com\github\jknack\handlebars\4.1.2\handlebars-4.1.2.jar;C:\Users\RaghavG2213\.m2\repository\commons-beanutils\commons-beanutils\1.9.4\commons-beanutils-1.9.4.jar;C:\Users\RaghavG2213\.m2\repository\commons-logging\commons-logging\1.2\commons-logging-1.2.jar;C:\Users\RaghavG2213\.m2\repository\commons-collections\commons-collections\3.2.2\commons-collections-3.2.2.jar;C:\Users\RaghavG2213\.m2\repository\org\springframework\cloud\spring-cloud-function-compiler\3.0.9.RELEASE\spring-cloud-function-compiler-3.0.9.RELEASE.jar;C:\Users\RaghavG2213\.m2\repository\io\projectreactor\reactor-core\3.3.10.RELEASE\reactor-core-3.3.10.RELEASE.jar;C:\Users\RaghavG2213\.m2\repository\org\reactivestreams\reactive-streams\1.0.3\reactive-streams-1.0.3.jar;C:\Users\RaghavG2213\.m2\repository\org\eclipse\jdt\core\compiler\ecj\4.4.2\ecj-4.4.2.jar;C:\Users\RaghavG2213\.m2\repository\org\springframework\cloud\spring-cloud-function-core\3.0.9.RELEASE\spring-cloud-function-core-3.0.9.RELEASE.jar;C:\Users\RaghavG2213\.m2\repository\io\rest-assured\rest-assured\3.3.0\rest-assured-3.3.0.jar;C:\Users\RaghavG2213\.m2\repository\org\apache\httpcomponents\httpclient\4.5.12\httpclient-4.5.12.jar;C:\Users\RaghavG2213\.m2\repository\org\apache\httpcomponents\httpcore\4.4.13\httpcore-4.4.13.jar;C:\Users\RaghavG2213\.m2\repository\commons-codec\commons-codec\1.14\commons-codec-1.14.jar;C:\Users\RaghavG2213\.m2\repository\org\apache\httpcomponents\httpmime\4.5.12\httpmime-4.5.12.jar;C:\Users\RaghavG2213\.m2\repository\org\hamcrest\hamcrest-core\2.2\hamcrest-core-2.2.jar;C:\Users\RaghavG2213\.m2\repository\org\hamcrest\hamcrest-library\2.2\hamcrest-library-2.2.jar;C:\Users\RaghavG2213\.m2\repository\org\ccil\cowan\tagsoup\tagsoup\1.2.1\tagsoup-1.2.1.jar;C:\Users\RaghavG2213\.m2\repository\io\rest-assured\json-path\3.3.0\json-path-3.3.0.jar;C:\Users\RaghavG2213\.m2\repository\io\rest-assured\rest-assured-common\3.3.0\rest-assured-common-3.3.0.jar;C:\Users\RaghavG2213\.m2\repository\io\rest-assured\xml-path\3.3.0\xml-path-3.3.0.jar;C:\Users\RaghavG2213\.m2\repository\javax\xml\bind\jaxb-api\2.3.1\jaxb-api-2.3.1.jar;C:\Users\RaghavG2213\.m2\repository\javax\activation\javax.activation-api\1.2.0\javax.activation-api-1.2.0.jar;C:\Users\RaghavG2213\.m2\repository\org\apache\sling\org.apache.sling.javax.activation\0.1.0\org.apache.sling.javax.activation-0.1.0.jar;C:\Users\RaghavG2213\.m2\repository\javax\activation\activation\1.1.1\activation-1.1.1.jar;C:\Users\RaghavG2213\.m2\repository\io\rest-assured\spring-mock-mvc\3.3.0\spring-mock-mvc-3.3.0.jar;C:\Users\RaghavG2213\.m2\repository\io\rest-assured\spring-commons\3.3.0\spring-commons-3.3.0.jar;C:\Users\RaghavG2213\.m2\repository\com\toomuchcoding\jsonassert\jsonassert\0.4.14\jsonassert-0.4.14.jar;C:\Users\RaghavG2213\.m2\repository\cglib\cglib\3.2.9\cglib-3.2.9.jar;C:\Users\RaghavG2213\.m2\repository\org\ow2\asm\asm\7.0\asm-7.0.jar;C:\Users\RaghavG2213\.m2\repository\org\apache\ant\ant\1.10.3\ant-1.10.3.jar;C:\Users\RaghavG2213\.m2\repository\org\apache\ant\ant-launcher\1.10.3\ant-launcher-1.10.3.jar;C:\Users\RaghavG2213\.m2\repository\io\cucumber\cucumber-java8\2.3.1\cucumber-java8-2.3.1.jar;C:\Users\RaghavG2213\.m2\repository\io\cucumber\cucumber-java\2.3.1\cucumber-java-2.3.1.jar;C:\Users\RaghavG2213\.m2\repository\net\jodah\typetools\0.5.0\typetools-0.5.0.jar;C:\Users\RaghavG2213\.m2\repository\io\cucumber\cucumber-junit\2.3.1\cucumber-junit-2.3.1.jar;C:\Users\RaghavG2213\.m2\repository\io\cucumber\cucumber-core\2.3.1\cucumber-core-2.3.1.jar;C:\Users\RaghavG2213\.m2\repository\info\cukes\cucumber-html\0.2.6\cucumber-html-0.2.6.jar;C:\Users\RaghavG2213\.m2\repository\io\cucumber\cucumber-jvm-deps\1.0.6\cucumber-jvm-deps-1.0.6.jar;C:\Users\RaghavG2213\.m2\repository\io\cucumber\gherkin\5.0.0\gherkin-5.0.0.jar;C:\Users\RaghavG2213\.m2\repository\io\cucumber\tag-expressions\1.1.1\tag-expressions-1.1.1.jar;C:\Users\RaghavG2213\.m2\repository\junit\junit\4.13\junit-4.13.jar;C:\Users\RaghavG2213\.m2\repository\khttp\khttp\1.0.0\khttp-1.0.0.jar;C:\Users\RaghavG2213\.m2\repository\org\jetbrains\spek\spek-api\1.1.0\spek-api-1.1.0.jar;C:\Users\RaghavG2213\.m2\repository\org\jetbrains\spek\spek-junit-platform-engine\1.1.0\spek-junit-platform-engine-1.1.0.jar;C:\Users\RaghavG2213\.m2\repository\com\jayway\jsonpath\json-path\2.2.0\json-path-2.2.0.jar;C:\Users\RaghavG2213\.m2\repository\net\minidev\json-smart\2.3\json-smart-2.3.jar;C:\Users\RaghavG2213\.m2\repository\net\minidev\accessors-smart\1.2\accessors-smart-1.2.jar;C:\Users\RaghavG2213\.m2\repository\org\slf4j\slf4j-api\1.7.30\slf4j-api-1.7.30.jar;C:\Users\RaghavG2213\.m2\repository\io\swagger\swagger-annotations\1.5.20\swagger-annotations-1.5.20.jar;"/>
    <property name="java.vm.vendor" value="Oracle Corporation"/>
    <property name="sun.arch.data.model" value="64"/>
    <property name="user.variant" value=""/>
    <property name="java.vendor.url" value="http://java.oracle.com/"/>
    <property name="user.timezone" value="Asia/Calcutta"/>
    <property name="java.vm.specification.version" value="1.8"/>
    <property name="os.name" value="Windows 10"/>
    <property name="user.country" value="IN"/>
    <property name="sun.java.launcher" value="SUN_STANDARD"/>
    <property name="sun.boot.library.path" value="C:\Program Files\Java\jdk1.8.0_261\jre\bin"/>
    <property name="sun.java.command" value="C:\Users\RAGHAV~1\AppData\Local\Temp\surefire5881315211431003289\surefirebooter234968728130346521.jar C:\Users\RaghavG2213\AppData\Local\Temp\surefire5881315211431003289 2020-12-04T16-29-44_831-jvmRun1 surefire528342158456982860tmp surefire_03772561344254607960tmp"/>
    <property name="surefire.test.class.path" value="C:\Users\RaghavG2213\Downloads\Final\DeliveryMomentRequestHandler\target\test-classes;C:\Users\RaghavG2213\Downloads\Final\DeliveryMomentRequestHandler\target\classes;C:\Users\RaghavG2213\.m2\repository\org\springframework\boot\spring-boot-starter\2.3.4.RELEASE\spring-boot-starter-2.3.4.RELEASE.jar;C:\Users\RaghavG2213\.m2\repository\org\springframework\boot\spring-boot\2.3.4.RELEASE\spring-boot-2.3.4.RELEASE.jar;C:\Users\RaghavG2213\.m2\repository\org\springframework\spring-context\5.2.9.RELEASE\spring-context-5.2.9.RELEASE.jar;C:\Users\RaghavG2213\.m2\repository\org\springframework\boot\spring-boot-autoconfigure\2.3.4.RELEASE\spring-boot-autoconfigure-2.3.4.RELEASE.jar;C:\Users\RaghavG2213\.m2\repository\jakarta\annotation\jakarta.annotation-api\1.3.5\jakarta.annotation-api-1.3.5.jar;C:\Users\RaghavG2213\.m2\repository\org\springframework\spring-core\5.2.9.RELEASE\spring-core-5.2.9.RELEASE.jar;C:\Users\RaghavG2213\.m2\repository\org\springframework\spring-jcl\5.2.9.RELEASE\spring-jcl-5.2.9.RELEASE.jar;C:\Users\RaghavG2213\.m2\repository\org\yaml\snakeyaml\1.26\snakeyaml-1.26.jar;C:\Users\RaghavG2213\.m2\repository\org\springframework\boot\spring-boot-starter-web\2.3.4.RELEASE\spring-boot-starter-web-2.3.4.RELEASE.jar;C:\Users\RaghavG2213\.m2\repository\org\springframework\boot\spring-boot-starter-json\2.3.4.RELEASE\spring-boot-starter-json-2.3.4.RELEASE.jar;C:\Users\RaghavG2213\.m2\repository\com\fasterxml\jackson\datatype\jackson-datatype-jdk8\2.11.2\jackson-datatype-jdk8-2.11.2.jar;C:\Users\RaghavG2213\.m2\repository\com\fasterxml\jackson\datatype\jackson-datatype-jsr310\2.11.2\jackson-datatype-jsr310-2.11.2.jar;C:\Users\RaghavG2213\.m2\repository\com\fasterxml\jackson\module\jackson-module-parameter-names\2.11.2\jackson-module-parameter-names-2.11.2.jar;C:\Users\RaghavG2213\.m2\repository\org\springframework\boot\spring-boot-starter-tomcat\2.3.4.RELEASE\spring-boot-starter-tomcat-2.3.4.RELEASE.jar;C:\Users\RaghavG2213\.m2\repository\org\apache\tomcat\embed\tomcat-embed-core\9.0.38\tomcat-embed-core-9.0.38.jar;C:\Users\RaghavG2213\.m2\repository\org\glassfish\jakarta.el\3.0.3\jakarta.el-3.0.3.jar;C:\Users\RaghavG2213\.m2\repository\org\apache\tomcat\embed\tomcat-embed-websocket\9.0.38\tomcat-embed-websocket-9.0.38.jar;C:\Users\RaghavG2213\.m2\repository\org\springframework\spring-web\5.2.9.RELEASE\spring-web-5.2.9.RELEASE.jar;C:\Users\RaghavG2213\.m2\repository\org\springframework\spring-beans\5.2.9.RELEASE\spring-beans-5.2.9.RELEASE.jar;C:\Users\RaghavG2213\.m2\repository\org\springframework\spring-webmvc\5.2.9.RELEASE\spring-webmvc-5.2.9.RELEASE.jar;C:\Users\RaghavG2213\.m2\repository\org\springframework\spring-aop\5.2.9.RELEASE\spring-aop-5.2.9.RELEASE.jar;C:\Users\RaghavG2213\.m2\repository\org\springframework\spring-expression\5.2.9.RELEASE\spring-expression-5.2.9.RELEASE.jar;C:\Users\RaghavG2213\.m2\repository\org\json\json\20201115\json-20201115.jar;C:\Users\RaghavG2213\.m2\repository\org\springframework\boot\spring-boot-starter-data-mongodb\2.3.4.RELEASE\spring-boot-starter-data-mongodb-2.3.4.RELEASE.jar;C:\Users\RaghavG2213\.m2\repository\org\mongodb\mongodb-driver-sync\4.0.5\mongodb-driver-sync-4.0.5.jar;C:\Users\RaghavG2213\.m2\repository\org\mongodb\bson\4.0.5\bson-4.0.5.jar;C:\Users\RaghavG2213\.m2\repository\org\mongodb\mongodb-driver-core\4.0.5\mongodb-driver-core-4.0.5.jar;C:\Users\RaghavG2213\.m2\repository\org\springframework\data\spring-data-mongodb\3.0.4.RELEASE\spring-data-mongodb-3.0.4.RELEASE.jar;C:\Users\RaghavG2213\.m2\repository\org\springframework\spring-tx\5.2.9.RELEASE\spring-tx-5.2.9.RELEASE.jar;C:\Users\RaghavG2213\.m2\repository\org\springframework\data\spring-data-commons\2.3.4.RELEASE\spring-data-commons-2.3.4.RELEASE.jar;C:\Users\RaghavG2213\.m2\repository\org\springframework\boot\spring-boot-starter-actuator\2.3.4.RELEASE\spring-boot-starter-actuator-2.3.4.RELEASE.jar;C:\Users\RaghavG2213\.m2\repository\org\springframework\boot\spring-boot-actuator-autoconfigure\2.3.4.RELEASE\spring-boot-actuator-autoconfigure-2.3.4.RELEASE.jar;C:\Users\RaghavG2213\.m2\repository\org\springframework\boot\spring-boot-actuator\2.3.4.RELEASE\spring-boot-actuator-2.3.4.RELEASE.jar;C:\Users\RaghavG2213\.m2\repository\io\micrometer\micrometer-core\1.5.5\micrometer-core-1.5.5.jar;C:\Users\RaghavG2213\.m2\repository\org\hdrhistogram\HdrHistogram\2.1.12\HdrHistogram-2.1.12.jar;C:\Users\RaghavG2213\.m2\repository\org\latencyutils\LatencyUtils\2.0.3\LatencyUtils-2.0.3.jar;C:\Users\RaghavG2213\.m2\repository\com\microsoft\azure\applicationinsights-spring-boot-starter\2.6.2\applicationinsights-spring-boot-starter-2.6.2.jar;C:\Users\RaghavG2213\.m2\repository\com\microsoft\azure\applicationinsights-web\2.6.2\applicationinsights-web-2.6.2.jar;C:\Users\RaghavG2213\.m2\repository\com\microsoft\azure\applicationinsights-logging-log4j2\2.6.2\applicationinsights-logging-log4j2-2.6.2.jar;C:\Users\RaghavG2213\.m2\repository\com\microsoft\azure\applicationinsights-core\2.6.2\applicationinsights-core-2.6.2.jar;C:\Users\RaghavG2213\.m2\repository\io\micrometer\micrometer-registry-prometheus\1.5.5\micrometer-registry-prometheus-1.5.5.jar;C:\Users\RaghavG2213\.m2\repository\io\prometheus\simpleclient_common\0.8.1\simpleclient_common-0.8.1.jar;C:\Users\RaghavG2213\.m2\repository\io\prometheus\simpleclient\0.8.1\simpleclient-0.8.1.jar;C:\Users\RaghavG2213\.m2\repository\org\jetbrains\kotlin\kotlin-reflect\1.3.72\kotlin-reflect-1.3.72.jar;C:\Users\RaghavG2213\.m2\repository\org\jetbrains\kotlin\kotlin-stdlib\1.3.72\kotlin-stdlib-1.3.72.jar;C:\Users\RaghavG2213\.m2\repository\org\jetbrains\kotlin\kotlin-stdlib-common\1.3.72\kotlin-stdlib-common-1.3.72.jar;C:\Users\RaghavG2213\.m2\repository\org\jetbrains\annotations\13.0\annotations-13.0.jar;C:\Users\RaghavG2213\.m2\repository\org\jetbrains\kotlin\kotlin-stdlib-jdk8\1.3.72\kotlin-stdlib-jdk8-1.3.72.jar;C:\Users\RaghavG2213\.m2\repository\org\jetbrains\kotlin\kotlin-stdlib-jdk7\1.3.72\kotlin-stdlib-jdk7-1.3.72.jar;C:\Users\RaghavG2213\.m2\repository\com\fasterxml\jackson\module\jackson-module-kotlin\2.11.2\jackson-module-kotlin-2.11.2.jar;C:\Users\RaghavG2213\.m2\repository\com\fasterxml\jackson\core\jackson-annotations\2.11.2\jackson-annotations-2.11.2.jar;C:\Users\RaghavG2213\.m2\repository\com\fasterxml\jackson\dataformat\jackson-dataformat-yaml\2.11.2\jackson-dataformat-yaml-2.11.2.jar;C:\Users\RaghavG2213\.m2\repository\com\fasterxml\jackson\core\jackson-core\2.11.2\jackson-core-2.11.2.jar;C:\Users\RaghavG2213\.m2\repository\com\fasterxml\jackson\core\jackson-databind\2.11.2\jackson-databind-2.11.2.jar;C:\Users\RaghavG2213\.m2\repository\org\projectlombok\lombok\1.18.12\lombok-1.18.12.jar;C:\Users\RaghavG2213\.m2\repository\org\springdoc\springdoc-openapi-ui\1.4.6\springdoc-openapi-ui-1.4.6.jar;C:\Users\RaghavG2213\.m2\repository\org\springdoc\springdoc-openapi-webmvc-core\1.4.6\springdoc-openapi-webmvc-core-1.4.6.jar;C:\Users\RaghavG2213\.m2\repository\org\webjars\swagger-ui\3.32.5\swagger-ui-3.32.5.jar;C:\Users\RaghavG2213\.m2\repository\org\webjars\webjars-locator-core\0.45\webjars-locator-core-0.45.jar;C:\Users\RaghavG2213\.m2\repository\org\springdoc\springdoc-openapi-kotlin\1.4.6\springdoc-openapi-kotlin-1.4.6.jar;C:\Users\RaghavG2213\.m2\repository\org\springdoc\springdoc-openapi-common\1.4.6\springdoc-openapi-common-1.4.6.jar;C:\Users\RaghavG2213\.m2\repository\io\swagger\core\v3\swagger-models\2.1.4\swagger-models-2.1.4.jar;C:\Users\RaghavG2213\.m2\repository\io\swagger\core\v3\swagger-annotations\2.1.4\swagger-annotations-2.1.4.jar;C:\Users\RaghavG2213\.m2\repository\io\swagger\core\v3\swagger-integration\2.1.4\swagger-integration-2.1.4.jar;C:\Users\RaghavG2213\.m2\repository\io\swagger\core\v3\swagger-core\2.1.4\swagger-core-2.1.4.jar;C:\Users\RaghavG2213\.m2\repository\jakarta\validation\jakarta.validation-api\2.0.2\jakarta.validation-api-2.0.2.jar;C:\Users\RaghavG2213\.m2\repository\io\github\classgraph\classgraph\4.8.69\classgraph-4.8.69.jar;C:\Users\RaghavG2213\.m2\repository\org\apache\commons\commons-lang3\3.10\commons-lang3-3.10.jar;C:\Users\RaghavG2213\.m2\repository\org\springframework\boot\spring-boot-starter-test\2.3.4.RELEASE\spring-boot-starter-test-2.3.4.RELEASE.jar;C:\Users\RaghavG2213\.m2\repository\org\springframework\boot\spring-boot-test\2.3.4.RELEASE\spring-boot-test-2.3.4.RELEASE.jar;C:\Users\RaghavG2213\.m2\repository\org\springframework\boot\spring-boot-test-autoconfigure\2.3.4.RELEASE\spring-boot-test-autoconfigure-2.3.4.RELEASE.jar;C:\Users\RaghavG2213\.m2\repository\jakarta\xml\bind\jakarta.xml.bind-api\2.3.3\jakarta.xml.bind-api-2.3.3.jar;C:\Users\RaghavG2213\.m2\repository\jakarta\activation\jakarta.activation-api\1.2.2\jakarta.activation-api-1.2.2.jar;C:\Users\RaghavG2213\.m2\repository\org\assertj\assertj-core\3.16.1\assertj-core-3.16.1.jar;C:\Users\RaghavG2213\.m2\repository\org\hamcrest\hamcrest\2.2\hamcrest-2.2.jar;C:\Users\RaghavG2213\.m2\repository\org\junit\jupiter\junit-jupiter\5.6.2\junit-jupiter-5.6.2.jar;C:\Users\RaghavG2213\.m2\repository\org\junit\jupiter\junit-jupiter-api\5.6.2\junit-jupiter-api-5.6.2.jar;C:\Users\RaghavG2213\.m2\repository\org\apiguardian\apiguardian-api\1.1.0\apiguardian-api-1.1.0.jar;C:\Users\RaghavG2213\.m2\repository\org\opentest4j\opentest4j\1.2.0\opentest4j-1.2.0.jar;C:\Users\RaghavG2213\.m2\repository\org\junit\platform\junit-platform-commons\1.6.2\junit-platform-commons-1.6.2.jar;C:\Users\RaghavG2213\.m2\repository\org\junit\jupiter\junit-jupiter-params\5.6.2\junit-jupiter-params-5.6.2.jar;C:\Users\RaghavG2213\.m2\repository\org\junit\jupiter\junit-jupiter-engine\5.6.2\junit-jupiter-engine-5.6.2.jar;C:\Users\RaghavG2213\.m2\repository\org\junit\platform\junit-platform-engine\1.6.2\junit-platform-engine-1.6.2.jar;C:\Users\RaghavG2213\.m2\repository\org\mockito\mockito-core\3.3.3\mockito-core-3.3.3.jar;C:\Users\RaghavG2213\.m2\repository\net\bytebuddy\byte-buddy\1.10.14\byte-buddy-1.10.14.jar;C:\Users\RaghavG2213\.m2\repository\net\bytebuddy\byte-buddy-agent\1.10.14\byte-buddy-agent-1.10.14.jar;C:\Users\RaghavG2213\.m2\repository\org\objenesis\objenesis\2.6\objenesis-2.6.jar;C:\Users\RaghavG2213\.m2\repository\org\mockito\mockito-junit-jupiter\3.3.3\mockito-junit-jupiter-3.3.3.jar;C:\Users\RaghavG2213\.m2\repository\org\skyscreamer\jsonassert\1.5.0\jsonassert-1.5.0.jar;C:\Users\RaghavG2213\.m2\repository\com\vaadin\external\google\android-json\0.0.20131108.vaadin1\android-json-0.0.20131108.vaadin1.jar;C:\Users\RaghavG2213\.m2\repository\org\springframework\spring-test\5.2.9.RELEASE\spring-test-5.2.9.RELEASE.jar;C:\Users\RaghavG2213\.m2\repository\org\xmlunit\xmlunit-core\2.7.0\xmlunit-core-2.7.0.jar;C:\Users\RaghavG2213\.m2\repository\io\gatling\highcharts\gatling-charts-highcharts\3.3.1\gatling-charts-highcharts-3.3.1.jar;C:\Users\RaghavG2213\.m2\repository\org\scala-lang\scala-library\2.12.10\scala-library-2.12.10.jar;C:\Users\RaghavG2213\.m2\repository\io\gatling\gatling-charts\3.3.1\gatling-charts-3.3.1.jar;C:\Users\RaghavG2213\.m2\repository\io\gatling\gatling-core\3.3.1\gatling-core-3.3.1.jar;C:\Users\RaghavG2213\.m2\repository\com\typesafe\akka\akka-slf4j_2.12\2.5.26\akka-slf4j_2.12-2.5.26.jar;C:\Users\RaghavG2213\.m2\repository\org\simpleflatmapper\lightning-csv\8.0.3\lightning-csv-8.0.3.jar;C:\Users\RaghavG2213\.m2\repository\org\simpleflatmapper\sfm-util\8.0.3\sfm-util-8.0.3.jar;C:\Users\RaghavG2213\.m2\repository\com\github\ben-manes\caffeine\caffeine\2.8.5\caffeine-2.8.5.jar;C:\Users\RaghavG2213\.m2\repository\org\checkerframework\checker-qual\3.4.1\checker-qual-3.4.1.jar;C:\Users\RaghavG2213\.m2\repository\com\google\errorprone\error_prone_annotations\2.4.0\error_prone_annotations-2.4.0.jar;C:\Users\RaghavG2213\.m2\repository\io\pebbletemplates\pebble\3.1.0\pebble-3.1.0.jar;C:\Users\RaghavG2213\.m2\repository\org\unbescape\unbescape\1.1.6.RELEASE\unbescape-1.1.6.RELEASE.jar;C:\Users\RaghavG2213\.m2\repository\org\scala-lang\modules\scala-parser-combinators_2.12\1.1.2\scala-parser-combinators_2.12-1.1.2.jar;C:\Users\RaghavG2213\.m2\repository\com\github\scopt\scopt_2.12\3.7.1\scopt_2.12-3.7.1.jar;C:\Users\RaghavG2213\.m2\repository\io\gatling\jsonpath_2.12\0.7.0\jsonpath_2.12-0.7.0.jar;C:\Users\RaghavG2213\.m2\repository\net\sf\saxon\Saxon-HE\9.9.1-5\Saxon-HE-9.9.1-5.jar;C:\Users\RaghavG2213\.m2\repository\org\jodd\jodd-lagarto\5.0.13\jodd-lagarto-5.0.13.jar;C:\Users\RaghavG2213\.m2\repository\org\jodd\jodd-core\5.0.13\jodd-core-5.0.13.jar;C:\Users\RaghavG2213\.m2\repository\org\jodd\jodd-log\5.0.13\jodd-log-5.0.13.jar;C:\Users\RaghavG2213\.m2\repository\io\burt\jmespath-jackson\0.4.0\jmespath-jackson-0.4.0.jar;C:\Users\RaghavG2213\.m2\repository\io\burt\jmespath-core\0.4.0\jmespath-core-0.4.0.jar;C:\Users\RaghavG2213\.m2\repository\com\tdunning\t-digest\3.1\t-digest-3.1.jar;C:\Users\RaghavG2213\.m2\repository\io\gatling\gatling-app\3.3.1\gatling-app-3.3.1.jar;C:\Users\RaghavG2213\.m2\repository\io\gatling\gatling-http\3.3.1\gatling-http-3.3.1.jar;C:\Users\RaghavG2213\.m2\repository\org\scala-lang\modules\scala-xml_2.12\1.2.0\scala-xml_2.12-1.2.0.jar;C:\Users\RaghavG2213\.m2\repository\io\gatling\gatling-jms\3.3.1\gatling-jms-3.3.1.jar;C:\Users\RaghavG2213\.m2\repository\javax\jms\javax.jms-api\2.0.1\javax.jms-api-2.0.1.jar;C:\Users\RaghavG2213\.m2\repository\io\gatling\gatling-jdbc\3.3.1\gatling-jdbc-3.3.1.jar;C:\Users\RaghavG2213\.m2\repository\io\gatling\gatling-redis\3.3.1\gatling-redis-3.3.1.jar;C:\Users\RaghavG2213\.m2\repository\net\debasishg\redisclient_2.12\3.10\redisclient_2.12-3.10.jar;C:\Users\RaghavG2213\.m2\repository\org\apache\commons\commons-pool2\2.8.1\commons-pool2-2.8.1.jar;C:\Users\RaghavG2213\.m2\repository\io\gatling\gatling-graphite\3.3.1\gatling-graphite-3.3.1.jar;C:\Users\RaghavG2213\.m2\repository\io\gatling\gatling-recorder\3.3.1\gatling-recorder-3.3.1.jar;C:\Users\RaghavG2213\.m2\repository\org\scala-lang\modules\scala-swing_2.12\2.1.1\scala-swing_2.12-2.1.1.jar;C:\Users\RaghavG2213\.m2\repository\org\json4s\json4s-jackson_2.12\3.6.7\json4s-jackson_2.12-3.6.7.jar;C:\Users\RaghavG2213\.m2\repository\org\json4s\json4s-core_2.12\3.6.7\json4s-core_2.12-3.6.7.jar;C:\Users\RaghavG2213\.m2\repository\org\json4s\json4s-ast_2.12\3.6.7\json4s-ast_2.12-3.6.7.jar;C:\Users\RaghavG2213\.m2\repository\org\json4s\json4s-scalap_2.12\3.6.7\json4s-scalap_2.12-3.6.7.jar;C:\Users\RaghavG2213\.m2\repository\com\thoughtworks\paranamer\paranamer\2.8\paranamer-2.8.jar;C:\Users\RaghavG2213\.m2\repository\org\bouncycastle\bcpkix-jdk15on\1.64\bcpkix-jdk15on-1.64.jar;C:\Users\RaghavG2213\.m2\repository\org\bouncycastle\bcprov-jdk15on\1.64\bcprov-jdk15on-1.64.jar;C:\Users\RaghavG2213\.m2\repository\io\netty\netty-codec-http\4.1.52.Final\netty-codec-http-4.1.52.Final.jar;C:\Users\RaghavG2213\.m2\repository\io\netty\netty-common\4.1.52.Final\netty-common-4.1.52.Final.jar;C:\Users\RaghavG2213\.m2\repository\io\netty\netty-transport\4.1.52.Final\netty-transport-4.1.52.Final.jar;C:\Users\RaghavG2213\.m2\repository\io\netty\netty-codec\4.1.52.Final\netty-codec-4.1.52.Final.jar;C:\Users\RaghavG2213\.m2\repository\com\typesafe\akka\akka-actor_2.12\2.5.26\akka-actor_2.12-2.5.26.jar;C:\Users\RaghavG2213\.m2\repository\io\gatling\gatling-http-client\3.3.1\gatling-http-client-3.3.1.jar;C:\Users\RaghavG2213\.m2\repository\io\gatling\gatling-netty-util\3.3.1\gatling-netty-util-3.3.1.jar;C:\Users\RaghavG2213\.m2\repository\io\netty\netty-buffer\4.1.52.Final\netty-buffer-4.1.52.Final.jar;C:\Users\RaghavG2213\.m2\repository\io\netty\netty-handler\4.1.52.Final\netty-handler-4.1.52.Final.jar;C:\Users\RaghavG2213\.m2\repository\io\netty\netty-resolver\4.1.52.Final\netty-resolver-4.1.52.Final.jar;C:\Users\RaghavG2213\.m2\repository\io\netty\netty-handler-proxy\4.1.52.Final\netty-handler-proxy-4.1.52.Final.jar;C:\Users\RaghavG2213\.m2\repository\io\netty\netty-codec-socks\4.1.52.Final\netty-codec-socks-4.1.52.Final.jar;C:\Users\RaghavG2213\.m2\repository\io\netty\netty-resolver-dns\4.1.52.Final\netty-resolver-dns-4.1.52.Final.jar;C:\Users\RaghavG2213\.m2\repository\io\netty\netty-codec-dns\4.1.52.Final\netty-codec-dns-4.1.52.Final.jar;C:\Users\RaghavG2213\.m2\repository\io\netty\netty-transport-native-epoll\4.1.52.Final\netty-transport-native-epoll-4.1.52.Final-linux-x86_64.jar;C:\Users\RaghavG2213\.m2\repository\io\netty\netty-transport-native-unix-common\4.1.52.Final\netty-transport-native-unix-common-4.1.52.Final.jar;C:\Users\RaghavG2213\.m2\repository\io\netty\netty-codec-http2\4.1.52.Final\netty-codec-http2-4.1.52.Final.jar;C:\Users\RaghavG2213\.m2\repository\io\netty\netty-tcnative-boringssl-static\2.0.34.Final\netty-tcnative-boringssl-static-2.0.34.Final.jar;C:\Users\RaghavG2213\.m2\repository\com\sun\activation\javax.activation\1.2.0\javax.activation-1.2.0.jar;C:\Users\RaghavG2213\.m2\repository\com\typesafe\scala-logging\scala-logging_2.12\3.9.2\scala-logging_2.12-3.9.2.jar;C:\Users\RaghavG2213\.m2\repository\ch\qos\logback\logback-classic\1.2.3\logback-classic-1.2.3.jar;C:\Users\RaghavG2213\.m2\repository\ch\qos\logback\logback-core\1.2.3\logback-core-1.2.3.jar;C:\Users\RaghavG2213\.m2\repository\io\gatling\gatling-commons\3.3.1\gatling-commons-3.3.1.jar;C:\Users\RaghavG2213\.m2\repository\org\scala-lang\scala-reflect\2.12.10\scala-reflect-2.12.10.jar;C:\Users\RaghavG2213\.m2\repository\com\typesafe\config\1.4.0\config-1.4.0.jar;C:\Users\RaghavG2213\.m2\repository\io\suzaku\boopickle_2.12\1.3.1\boopickle_2.12-1.3.1.jar;C:\Users\RaghavG2213\.m2\repository\org\typelevel\spire-macros_2.12\0.16.2\spire-macros_2.12-0.16.2.jar;C:\Users\RaghavG2213\.m2\repository\com\softwaremill\quicklens\quicklens_2.12\1.4.12\quicklens_2.12-1.4.12.jar;C:\Users\RaghavG2213\.m2\repository\org\scala-lang\modules\scala-java8-compat_2.12\0.9.0\scala-java8-compat_2.12-0.9.0.jar;C:\Users\RaghavG2213\.m2\repository\com\eatthepath\fast-uuid\0.1\fast-uuid-0.1.jar;C:\Users\RaghavG2213\.m2\repository\com\nhaarman\mockito-kotlin\1.6.0\mockito-kotlin-1.6.0.jar;C:\Users\RaghavG2213\.m2\repository\org\apache\logging\log4j\log4j-api-kotlin\1.0.0\log4j-api-kotlin-1.0.0.jar;C:\Users\RaghavG2213\.m2\repository\org\apache\logging\log4j\log4j-api\2.13.3\log4j-api-2.13.3.jar;C:\Users\RaghavG2213\.m2\repository\org\apache\logging\log4j\log4j-core\2.13.3\log4j-core-2.13.3.jar;C:\Users\RaghavG2213\.m2\repository\org\springframework\cloud\spring-cloud-starter-contract-verifier\2.2.4.RELEASE\spring-cloud-starter-contract-verifier-2.2.4.RELEASE.jar;C:\Users\RaghavG2213\.m2\repository\org\springframework\cloud\spring-cloud-contract-verifier\2.2.4.RELEASE\spring-cloud-contract-verifier-2.2.4.RELEASE.jar;C:\Users\RaghavG2213\.m2\repository\org\springframework\cloud\spring-cloud-contract-spec\2.2.4.RELEASE\spring-cloud-contract-spec-2.2.4.RELEASE.jar;C:\Users\RaghavG2213\.m2\repository\org\springframework\cloud\spring-cloud-contract-spec-java\2.2.4.RELEASE\spring-cloud-contract-spec-java-2.2.4.RELEASE.jar;C:\Users\RaghavG2213\.m2\repository\dk\brics\automaton\automaton\1.11-8\automaton-1.11-8.jar;C:\Users\RaghavG2213\.m2\repository\org\apache\commons\commons-text\1.7\commons-text-1.7.jar;C:\Users\RaghavG2213\.m2\repository\org\springframework\cloud\spring-cloud-contract-spec-groovy\2.2.4.RELEASE\spring-cloud-contract-spec-groovy-2.2.4.RELEASE.jar;C:\Users\RaghavG2213\.m2\repository\org\springframework\cloud\spring-cloud-contract-shade\2.2.4.RELEASE\spring-cloud-contract-shade-2.2.4.RELEASE.jar;C:\Users\RaghavG2213\.m2\repository\javax\inject\javax.inject\1\javax.inject-1.jar;C:\Users\RaghavG2213\.m2\repository\com\github\tomakehurst\wiremock-jre8-standalone\2.26.2\wiremock-jre8-standalone-2.26.2.jar;C:\Users\RaghavG2213\.m2\repository\org\apache\maven\resolver\maven-resolver-api\1.3.3\maven-resolver-api-1.3.3.jar;C:\Users\RaghavG2213\.m2\repository\com\rackspace\eclipse\webtools\sourceediting\org.eclipse.wst.xml.xpath2.processor\2.1.100\org.eclipse.wst.xml.xpath2.processor-2.1.100.jar;C:\Users\RaghavG2213\.m2\repository\edu\princeton\cup\java-cup\10k\java-cup-10k.jar;C:\Users\RaghavG2213\.m2\repository\com\ibm\icu\icu4j\4.6\icu4j-4.6.jar;C:\Users\RaghavG2213\.m2\repository\org\codehaus\groovy\groovy\2.5.13\groovy-2.5.13.jar;C:\Users\RaghavG2213\.m2\repository\org\codehaus\groovy\groovy-nio\2.5.13\groovy-nio-2.5.13.jar;C:\Users\RaghavG2213\.m2\repository\org\codehaus\groovy\groovy-json\2.5.13\groovy-json-2.5.13.jar;C:\Users\RaghavG2213\.m2\repository\org\codehaus\groovy\groovy-xml\2.5.13\groovy-xml-2.5.13.jar;C:\Users\RaghavG2213\.m2\repository\com\github\jknack\handlebars\4.1.2\handlebars-4.1.2.jar;C:\Users\RaghavG2213\.m2\repository\commons-beanutils\commons-beanutils\1.9.4\commons-beanutils-1.9.4.jar;C:\Users\RaghavG2213\.m2\repository\commons-logging\commons-logging\1.2\commons-logging-1.2.jar;C:\Users\RaghavG2213\.m2\repository\commons-collections\commons-collections\3.2.2\commons-collections-3.2.2.jar;C:\Users\RaghavG2213\.m2\repository\org\springframework\cloud\spring-cloud-function-compiler\3.0.9.RELEASE\spring-cloud-function-compiler-3.0.9.RELEASE.jar;C:\Users\RaghavG2213\.m2\repository\io\projectreactor\reactor-core\3.3.10.RELEASE\reactor-core-3.3.10.RELEASE.jar;C:\Users\RaghavG2213\.m2\repository\org\reactivestreams\reactive-streams\1.0.3\reactive-streams-1.0.3.jar;C:\Users\RaghavG2213\.m2\repository\org\eclipse\jdt\core\compiler\ecj\4.4.2\ecj-4.4.2.jar;C:\Users\RaghavG2213\.m2\repository\org\springframework\cloud\spring-cloud-function-core\3.0.9.RELEASE\spring-cloud-function-core-3.0.9.RELEASE.jar;C:\Users\RaghavG2213\.m2\repository\io\rest-assured\rest-assured\3.3.0\rest-assured-3.3.0.jar;C:\Users\RaghavG2213\.m2\repository\org\apache\httpcomponents\httpclient\4.5.12\httpclient-4.5.12.jar;C:\Users\RaghavG2213\.m2\repository\org\apache\httpcomponents\httpcore\4.4.13\httpcore-4.4.13.jar;C:\Users\RaghavG2213\.m2\repository\commons-codec\commons-codec\1.14\commons-codec-1.14.jar;C:\Users\RaghavG2213\.m2\repository\org\apache\httpcomponents\httpmime\4.5.12\httpmime-4.5.12.jar;C:\Users\RaghavG2213\.m2\repository\org\hamcrest\hamcrest-core\2.2\hamcrest-core-2.2.jar;C:\Users\RaghavG2213\.m2\repository\org\hamcrest\hamcrest-library\2.2\hamcrest-library-2.2.jar;C:\Users\RaghavG2213\.m2\repository\org\ccil\cowan\tagsoup\tagsoup\1.2.1\tagsoup-1.2.1.jar;C:\Users\RaghavG2213\.m2\repository\io\rest-assured\json-path\3.3.0\json-path-3.3.0.jar;C:\Users\RaghavG2213\.m2\repository\io\rest-assured\rest-assured-common\3.3.0\rest-assured-common-3.3.0.jar;C:\Users\RaghavG2213\.m2\repository\io\rest-assured\xml-path\3.3.0\xml-path-3.3.0.jar;C:\Users\RaghavG2213\.m2\repository\javax\xml\bind\jaxb-api\2.3.1\jaxb-api-2.3.1.jar;C:\Users\RaghavG2213\.m2\repository\javax\activation\javax.activation-api\1.2.0\javax.activation-api-1.2.0.jar;C:\Users\RaghavG2213\.m2\repository\org\apache\sling\org.apache.sling.javax.activation\0.1.0\org.apache.sling.javax.activation-0.1.0.jar;C:\Users\RaghavG2213\.m2\repository\javax\activation\activation\1.1.1\activation-1.1.1.jar;C:\Users\RaghavG2213\.m2\repository\io\rest-assured\spring-mock-mvc\3.3.0\spring-mock-mvc-3.3.0.jar;C:\Users\RaghavG2213\.m2\repository\io\rest-assured\spring-commons\3.3.0\spring-commons-3.3.0.jar;C:\Users\RaghavG2213\.m2\repository\com\toomuchcoding\jsonassert\jsonassert\0.4.14\jsonassert-0.4.14.jar;C:\Users\RaghavG2213\.m2\repository\cglib\cglib\3.2.9\cglib-3.2.9.jar;C:\Users\RaghavG2213\.m2\repository\org\ow2\asm\asm\7.0\asm-7.0.jar;C:\Users\RaghavG2213\.m2\repository\org\apache\ant\ant\1.10.3\ant-1.10.3.jar;C:\Users\RaghavG2213\.m2\repository\org\apache\ant\ant-launcher\1.10.3\ant-launcher-1.10.3.jar;C:\Users\RaghavG2213\.m2\repository\io\cucumber\cucumber-java8\2.3.1\cucumber-java8-2.3.1.jar;C:\Users\RaghavG2213\.m2\repository\io\cucumber\cucumber-java\2.3.1\cucumber-java-2.3.1.jar;C:\Users\RaghavG2213\.m2\repository\net\jodah\typetools\0.5.0\typetools-0.5.0.jar;C:\Users\RaghavG2213\.m2\repository\io\cucumber\cucumber-junit\2.3.1\cucumber-junit-2.3.1.jar;C:\Users\RaghavG2213\.m2\repository\io\cucumber\cucumber-core\2.3.1\cucumber-core-2.3.1.jar;C:\Users\RaghavG2213\.m2\repository\info\cukes\cucumber-html\0.2.6\cucumber-html-0.2.6.jar;C:\Users\RaghavG2213\.m2\repository\io\cucumber\cucumber-jvm-deps\1.0.6\cucumber-jvm-deps-1.0.6.jar;C:\Users\RaghavG2213\.m2\repository\io\cucumber\gherkin\5.0.0\gherkin-5.0.0.jar;C:\Users\RaghavG2213\.m2\repository\io\cucumber\tag-expressions\1.1.1\tag-expressions-1.1.1.jar;C:\Users\RaghavG2213\.m2\repository\junit\junit\4.13\junit-4.13.jar;C:\Users\RaghavG2213\.m2\repository\khttp\khttp\1.0.0\khttp-1.0.0.jar;C:\Users\RaghavG2213\.m2\repository\org\jetbrains\spek\spek-api\1.1.0\spek-api-1.1.0.jar;C:\Users\RaghavG2213\.m2\repository\org\jetbrains\spek\spek-junit-platform-engine\1.1.0\spek-junit-platform-engine-1.1.0.jar;C:\Users\RaghavG2213\.m2\repository\com\jayway\jsonpath\json-path\2.2.0\json-path-2.2.0.jar;C:\Users\RaghavG2213\.m2\repository\net\minidev\json-smart\2.3\json-smart-2.3.jar;C:\Users\RaghavG2213\.m2\repository\net\minidev\accessors-smart\1.2\accessors-smart-1.2.jar;C:\Users\RaghavG2213\.m2\repository\org\slf4j\slf4j-api\1.7.30\slf4j-api-1.7.30.jar;C:\Users\RaghavG2213\.m2\repository\io\swagger\swagger-annotations\1.5.20\swagger-annotations-1.5.20.jar;"/>
    <property name="sun.cpu.endian" value="little"/>
    <property name="user.home" value="C:\Users\RaghavG2213"/>
    <property name="user.language" value="en"/>
    <property name="java.specification.vendor" value="Oracle Corporation"/>
    <property name="java.home" value="C:\Program Files\Java\jdk1.8.0_261\jre"/>
    <property name="basedir" value="C:\Users\RaghavG2213\Downloads\Final\DeliveryMomentRequestHandler"/>
    <property name="file.separator" value="\"/>
    <property name="line.separator" value="&#10;"/>
    <property name="java.vm.specification.vendor" value="Oracle Corporation"/>
    <property name="java.specification.name" value="Java Platform API Specification"/>
    <property name="java.awt.graphicsenv" value="sun.awt.Win32GraphicsEnvironment"/>
    <property name="surefire.real.class.path" value="C:\Users\RAGHAV~1\AppData\Local\Temp\surefire5881315211431003289\surefirebooter234968728130346521.jar"/>
    <property name="sun.boot.class.path" value="C:\Program Files\Java\jdk1.8.0_261\jre\lib\resources.jar;C:\Program Files\Java\jdk1.8.0_261\jre\lib\rt.jar;C:\Program Files\Java\jdk1.8.0_261\jre\lib\sunrsasign.jar;C:\Program Files\Java\jdk1.8.0_261\jre\lib\jsse.jar;C:\Program Files\Java\jdk1.8.0_261\jre\lib\jce.jar;C:\Program Files\Java\jdk1.8.0_261\jre\lib\charsets.jar;C:\Program Files\Java\jdk1.8.0_261\jre\lib\jfr.jar;C:\Program Files\Java\jdk1.8.0_261\jre\classes"/>
    <property name="user.script" value=""/>
    <property name="sun.management.compiler" value="HotSpot 64-Bit Tiered Compilers"/>
    <property name="java.runtime.version" value="1.8.0_261-b12"/>
    <property name="user.name" value="RaghavG2213"/>
    <property name="path.separator" value=";"/>
    <property name="os.version" value="10.0"/>
    <property name="java.endorsed.dirs" value="C:\Program Files\Java\jdk1.8.0_261\jre\lib\endorsed"/>
    <property name="java.runtime.name" value="Java(TM) SE Runtime Environment"/>
    <property name="file.encoding" value="Cp1252"/>
    <property name="java.vm.name" value="Java HotSpot(TM) 64-Bit Server VM"/>
    <property name="localRepository" value="C:\Users\RaghavG2213\.m2\repository"/>
    <property name="java.vendor.url.bug" value="http://bugreport.sun.com/bugreport/"/>
    <property name="java.io.tmpdir" value="C:\Users\RAGHAV~1\AppData\Local\Temp\"/>
    <property name="java.version" value="1.8.0_261"/>
    <property name="user.dir" value="C:\Users\RaghavG2213\Downloads\Final\DeliveryMomentRequestHandler"/>
    <property name="os.arch" value="amd64"/>
    <property name="java.vm.specification.name" value="Java Virtual Machine Specification"/>
    <property name="java.awt.printerjob" value="sun.awt.windows.WPrinterJob"/>
    <property name="sun.os.patch.level" value=""/>
    <property name="java.library.path" value="C:\Program Files\Java\jdk1.8.0_261\jre\bin;C:\WINDOWS\Sun\Java\bin;C:\WINDOWS\system32;C:\WINDOWS;C:\Users\RaghavG2213\bin;C:\Program Files\Git\mingw64\bin;C:\Program Files\Git\usr\local\bin;C:\Program Files\Git\usr\bin;C:\Program Files\Git\usr\bin;C:\Program Files\Git\mingw64\bin;C:\Program Files\Git\usr\bin;C:\Users\RaghavG2213\bin;C:\Program Files (x86)\Common Files\Oracle\Java\javapath;C:\Windows\system32;C:\Windows;C:\Windows\System32\Wbem;C:\Windows\System32\WindowsPowerShell\v1.0;C:\Windows\System32\OpenSSH;C:\Program Files (x86)\NVIDIA Corporation\PhysX\Common;C:\Users\RaghavG2213\apache-maven-3.6.3-bin\apache-maven-3.6.3\bin;C:\Program Files\Git\cmd;C:\WINDOWS\system32;C:\WINDOWS;C:\WINDOWS\System32\Wbem;C:\WINDOWS\System32\WindowsPowerShell\v1.0;C:\WINDOWS\System32\OpenSSH;C:\Program Files\Docker\Docker\resources\bin;C:\ProgramData\DockerDesktop\version-bin;C:\Program Files\MySQL\MySQL Shell 8.0\bin;C:\Users\RaghavG2213\AppData\Local\Microsoft\WindowsApps;C:\Program Files\Java\jdk1.8.0_261\bin;C:\dapr;C:\Users\RaghavG2213\.dapr\bin;C:\Users\RaghavG2213\.dapr\bin;C:\Users\RaghavG2213\kotlin-compiler-1.4.20\kotlinc\bin;C:\Program Files\Git\usr\bin\vendor_perl;C:\Program Files\Git\usr\bin\core_perl;."/>
    <property name="java.vm.info" value="mixed mode"/>
    <property name="java.vendor" value="Oracle Corporation"/>
    <property name="java.vm.version" value="25.261-b12"/>
    <property name="java.ext.dirs" value="C:\Program Files\Java\jdk1.8.0_261\jre\lib\ext;C:\WINDOWS\Sun\Java\lib\ext"/>
    <property name="sun.io.unicode.encoding" value="UnicodeLittle"/>
    <property name="java.class.version" value="52.0"/>
  </properties>
  <testcase name="should return model list" classname="com.tcs.service.component.ServiceTest" time="0.138"/>
  <testcase name="should return model object" classname="com.tcs.service.component.ServiceTest" time="0.192"/>
</testsuite>